<?xml version="1.0" encoding="UTF-8"?>
<testng-results ignored="0" total="1" passed="1" failed="0" skipped="0">
  <reporter-output>
  </reporter-output>
  <suite started-at="2024-01-21T19:38:46 IST" name="Default suite" finished-at="2024-01-21T19:39:32 IST" duration-ms="46020">
    <groups>
    </groups>
    <test started-at="2024-01-21T19:38:46 IST" name="Default test" finished-at="2024-01-21T19:39:32 IST" duration-ms="46020">
      <class name="testpkg.TestClassHB">
        <test-method is-config="true" signature="setup()[pri:0, instance:testpkg.TestClassHB@5d534f5d]" started-at="2024-01-21T19:38:46 IST" name="setup" finished-at="2024-01-21T19:39:05 IST" duration-ms="18429" status="PASS">
          <reporter-output>
          </reporter-output>
        </test-method> <!-- setup -->
        <test-method signature="login()[pri:0, instance:testpkg.TestClassHB@5d534f5d]" started-at="2024-01-21T19:39:08 IST" name="login" finished-at="2024-01-21T19:39:32 IST" duration-ms="24836" status="PASS">
          <reporter-output>
          </reporter-output>
        </test-method> <!-- login -->
      </class> <!-- testpkg.TestClassHB -->
    </test> <!-- Default test -->
  </suite> <!-- Default suite -->
</testng-results>
